<?xml version="1.0" encoding="UTF-8"?>
<TestRun id="634670ae-0712-4411-bbe6-e30c47068403" name="Jr@JR-PC 2011-12-17 18:18:49" runUser="Jr-PC\Jr" xmlns="http://microsoft.com/schemas/VisualStudio/TeamTest/2010">
  <TestSettings name="Local" id="ea6b27d7-3c5c-46fc-b4b9-12f9220380db">
    <Description>These are default test settings for a local test run.</Description>
    <Deployment enabled="false" runDeploymentRoot="Jr_JR-PC 2011-12-17 18_18_49">
      <DeploymentItem filename="C:\Users\Jr\Documents\Jr\Projects\TI\VS2010\ModeloIVIA\ModeloIVIA\bin\Debug\ModeloIVIA.dll" />
    </Deployment>
    <Execution>
      <TestTypeSpecific />
      <AgentRule name="Execution Agents">
      </AgentRule>
    </Execution>
  </TestSettings>
  <Times creation="2011-12-17T18:18:49.5161819-03:00" queuing="2011-12-17T18:18:49.5321828-03:00" start="2011-12-17T18:18:49.5731852-03:00" finish="2011-12-17T18:18:50.0982152-03:00" />
  <ResultSummary outcome="Completed">
    <Counters total="4" executed="4" passed="4" error="0" failed="0" timeout="0" aborted="0" inconclusive="0" passedButRunAborted="0" notRunnable="0" notExecuted="0" disconnected="0" warning="0" completed="0" inProgress="0" pending="0" />
  </ResultSummary>
  <TestDefinitions>
    <UnitTest name="VerificaLoginValido" storage="c:\users\jr\documents\jr\projects\ti\vs2010\modeloivia\modeloivia.tests\bin\debug\modeloivia.tests.dll" id="def6811b-8fc3-4545-28b6-d3f2125e66af">
      <Execution id="5f599ec0-3ed0-405b-8911-47274c68e406" />
      <TestMethod codeBase="C:/Users/Jr/Documents/Jr/Projects/TI/VS2010/ModeloIVIA/ModeloIVIA.Tests/bin/Debug/ModeloIVIA.Tests.DLL" adapterTypeName="Microsoft.VisualStudio.TestTools.TestTypes.Unit.UnitTestAdapter, Microsoft.VisualStudio.QualityTools.Tips.UnitTest.Adapter, Version=10.0.0.0, Culture=neutral, PublicKeyToken=b03f5f7f11d50a3a" className="ModeloIVIA.Tests.TestaUsuarioLogin, ModeloIVIA.Tests, Version=1.0.0.0, Culture=neutral, PublicKeyToken=null" name="VerificaLoginValido" />
    </UnitTest>
    <UnitTest name="VerificaUsuarioEmGrupoAdministrador" storage="c:\users\jr\documents\jr\projects\ti\vs2010\modeloivia\modeloivia.tests\bin\debug\modeloivia.tests.dll" id="2360ba42-e461-6d7a-f9e4-9e8af90d8359">
      <Execution id="ad772450-9886-4260-b26a-cd7915408670" />
      <TestMethod codeBase="C:/Users/Jr/Documents/Jr/Projects/TI/VS2010/ModeloIVIA/ModeloIVIA.Tests/bin/Debug/ModeloIVIA.Tests.DLL" adapterTypeName="Microsoft.VisualStudio.TestTools.TestTypes.Unit.UnitTestAdapter, Microsoft.VisualStudio.QualityTools.Tips.UnitTest.Adapter, Version=10.0.0.0, Culture=neutral, PublicKeyToken=b03f5f7f11d50a3a" className="ModeloIVIA.Tests.TestaUsuarioGrupo, ModeloIVIA.Tests, Version=1.0.0.0, Culture=neutral, PublicKeyToken=null" name="VerificaUsuarioEmGrupoAdministrador" />
    </UnitTest>
    <UnitTest name="VerificaLoginInvalido" storage="c:\users\jr\documents\jr\projects\ti\vs2010\modeloivia\modeloivia.tests\bin\debug\modeloivia.tests.dll" id="3ce1af80-8fd1-b125-5c45-c122c7fd7bfd">
      <Execution id="977ebe07-3b36-442a-9c97-7b59de79ddd3" />
      <TestMethod codeBase="C:/Users/Jr/Documents/Jr/Projects/TI/VS2010/ModeloIVIA/ModeloIVIA.Tests/bin/Debug/ModeloIVIA.Tests.DLL" adapterTypeName="Microsoft.VisualStudio.TestTools.TestTypes.Unit.UnitTestAdapter, Microsoft.VisualStudio.QualityTools.Tips.UnitTest.Adapter, Version=10.0.0.0, Culture=neutral, PublicKeyToken=b03f5f7f11d50a3a" className="ModeloIVIA.Tests.TestaUsuarioLogin, ModeloIVIA.Tests, Version=1.0.0.0, Culture=neutral, PublicKeyToken=null" name="VerificaLoginInvalido" />
    </UnitTest>
    <UnitTest name="VerificaUsuarioEmGrupoUsuario" storage="c:\users\jr\documents\jr\projects\ti\vs2010\modeloivia\modeloivia.tests\bin\debug\modeloivia.tests.dll" id="f8a3812b-1a9a-e010-97f7-2121275a92de">
      <Execution id="63135741-547f-4d91-9918-4eedf94f7bca" />
      <TestMethod codeBase="C:/Users/Jr/Documents/Jr/Projects/TI/VS2010/ModeloIVIA/ModeloIVIA.Tests/bin/Debug/ModeloIVIA.Tests.DLL" adapterTypeName="Microsoft.VisualStudio.TestTools.TestTypes.Unit.UnitTestAdapter, Microsoft.VisualStudio.QualityTools.Tips.UnitTest.Adapter, Version=10.0.0.0, Culture=neutral, PublicKeyToken=b03f5f7f11d50a3a" className="ModeloIVIA.Tests.TestaUsuarioGrupo, ModeloIVIA.Tests, Version=1.0.0.0, Culture=neutral, PublicKeyToken=null" name="VerificaUsuarioEmGrupoUsuario" />
    </UnitTest>
  </TestDefinitions>
  <TestLists>
    <TestList name="Results Not in a List" id="8c84fa94-04c1-424b-9868-57a2d4851a1d" />
    <TestList name="All Loaded Results" id="19431567-8539-422a-85d7-44ee4e166bda" />
  </TestLists>
  <TestEntries>
    <TestEntry testId="2360ba42-e461-6d7a-f9e4-9e8af90d8359" executionId="ad772450-9886-4260-b26a-cd7915408670" testListId="8c84fa94-04c1-424b-9868-57a2d4851a1d" />
    <TestEntry testId="3ce1af80-8fd1-b125-5c45-c122c7fd7bfd" executionId="977ebe07-3b36-442a-9c97-7b59de79ddd3" testListId="8c84fa94-04c1-424b-9868-57a2d4851a1d" />
    <TestEntry testId="def6811b-8fc3-4545-28b6-d3f2125e66af" executionId="5f599ec0-3ed0-405b-8911-47274c68e406" testListId="8c84fa94-04c1-424b-9868-57a2d4851a1d" />
    <TestEntry testId="f8a3812b-1a9a-e010-97f7-2121275a92de" executionId="63135741-547f-4d91-9918-4eedf94f7bca" testListId="8c84fa94-04c1-424b-9868-57a2d4851a1d" />
  </TestEntries>
  <Results>
    <UnitTestResult executionId="ad772450-9886-4260-b26a-cd7915408670" testId="2360ba42-e461-6d7a-f9e4-9e8af90d8359" testName="VerificaUsuarioEmGrupoAdministrador" computerName="JR-PC" duration="00:00:00.0161991" startTime="2011-12-17T18:18:49.5911862-03:00" endTime="2011-12-17T18:18:50.0352116-03:00" testType="13cdc9d9-ddb5-4fa4-a97d-d965ccfc6d4b" outcome="Passed" testListId="8c84fa94-04c1-424b-9868-57a2d4851a1d" relativeResultsDirectory="ad772450-9886-4260-b26a-cd7915408670">
    </UnitTestResult>
    <UnitTestResult executionId="977ebe07-3b36-442a-9c97-7b59de79ddd3" testId="3ce1af80-8fd1-b125-5c45-c122c7fd7bfd" testName="VerificaLoginInvalido" computerName="JR-PC" duration="00:00:00.0011576" startTime="2011-12-17T18:18:50.0402119-03:00" endTime="2011-12-17T18:18:50.0482123-03:00" testType="13cdc9d9-ddb5-4fa4-a97d-d965ccfc6d4b" outcome="Passed" testListId="8c84fa94-04c1-424b-9868-57a2d4851a1d" relativeResultsDirectory="977ebe07-3b36-442a-9c97-7b59de79ddd3">
    </UnitTestResult>
    <UnitTestResult executionId="5f599ec0-3ed0-405b-8911-47274c68e406" testId="def6811b-8fc3-4545-28b6-d3f2125e66af" testName="VerificaLoginValido" computerName="JR-PC" duration="00:00:00.0002543" startTime="2011-12-17T18:18:50.0542127-03:00" endTime="2011-12-17T18:18:50.0612131-03:00" testType="13cdc9d9-ddb5-4fa4-a97d-d965ccfc6d4b" outcome="Passed" testListId="8c84fa94-04c1-424b-9868-57a2d4851a1d" relativeResultsDirectory="5f599ec0-3ed0-405b-8911-47274c68e406">
    </UnitTestResult>
    <UnitTestResult executionId="63135741-547f-4d91-9918-4eedf94f7bca" testId="f8a3812b-1a9a-e010-97f7-2121275a92de" testName="VerificaUsuarioEmGrupoUsuario" computerName="JR-PC" duration="00:00:00.0002333" startTime="2011-12-17T18:18:50.0652133-03:00" endTime="2011-12-17T18:18:50.0722137-03:00" testType="13cdc9d9-ddb5-4fa4-a97d-d965ccfc6d4b" outcome="Passed" testListId="8c84fa94-04c1-424b-9868-57a2d4851a1d" relativeResultsDirectory="63135741-547f-4d91-9918-4eedf94f7bca">
    </UnitTestResult>
  </Results>
</TestRun>