<?xml version="1.0" encoding="UTF-8"?>
<TestRun id="358c4d54-6ab1-4d7d-90a8-f5b63453c402" name="marcelo.barros@IVIA-NOT15 2011-12-07 16:30:23" runUser="IVIA\marcelo.barros" xmlns="http://microsoft.com/schemas/VisualStudio/TeamTest/2010">
  <TestSettings name="Local" id="ea6b27d7-3c5c-46fc-b4b9-12f9220380db">
    <Description>These are default test settings for a local test run.</Description>
    <Deployment enabled="false" runDeploymentRoot="marcelo.barros_IVIA-NOT15 2011-12-07 16_30_23">
      <DeploymentItem filename="c:\users\marcelo.barros\documents\visual studio 2010\Projects\ModeloIVIA\ModeloIVIA\bin\Debug\ModeloIVIA.dll" />
    </Deployment>
    <Execution>
      <TestTypeSpecific />
      <AgentRule name="Execution Agents">
      </AgentRule>
    </Execution>
  </TestSettings>
  <Times creation="2011-12-07T16:30:23.1114358-03:00" queuing="2011-12-07T16:30:23.1539358-03:00" start="2011-12-07T16:30:23.2404358-03:00" finish="2011-12-07T16:30:24.3744358-03:00" />
  <ResultSummary outcome="Completed">
    <Counters total="4" executed="4" passed="4" error="0" failed="0" timeout="0" aborted="0" inconclusive="0" passedButRunAborted="0" notRunnable="0" notExecuted="0" disconnected="0" warning="0" completed="0" inProgress="0" pending="0" />
  </ResultSummary>
  <TestDefinitions>
    <UnitTest name="VerificaLoginValido" storage="c:\users\marcelo.barros\documents\visual studio 2010\projects\modeloivia\modeloivia.tests\bin\debug\modeloivia.tests.dll" id="def6811b-8fc3-4545-28b6-d3f2125e66af">
      <Execution id="35309488-63ad-43c4-9df5-1e2f7e8f4567" />
      <TestMethod codeBase="c:/users/marcelo.barros/documents/visual studio 2010/Projects/ModeloIVIA/ModeloIVIA.Tests/bin/Debug/ModeloIVIA.Tests.DLL" adapterTypeName="Microsoft.VisualStudio.TestTools.TestTypes.Unit.UnitTestAdapter, Microsoft.VisualStudio.QualityTools.Tips.UnitTest.Adapter, Version=10.0.0.0, Culture=neutral, PublicKeyToken=b03f5f7f11d50a3a" className="ModeloIVIA.Tests.TestaUsuarioLogin, ModeloIVIA.Tests, Version=1.0.0.0, Culture=neutral, PublicKeyToken=null" name="VerificaLoginValido" />
    </UnitTest>
    <UnitTest name="VerificaUsuarioEmGrupoAdministrador" storage="c:\users\marcelo.barros\documents\visual studio 2010\projects\modeloivia\modeloivia.tests\bin\debug\modeloivia.tests.dll" id="2360ba42-e461-6d7a-f9e4-9e8af90d8359">
      <Execution id="a96b44c6-8fd9-4040-abdd-47e3304a7b3b" />
      <TestMethod codeBase="c:/users/marcelo.barros/documents/visual studio 2010/Projects/ModeloIVIA/ModeloIVIA.Tests/bin/Debug/ModeloIVIA.Tests.DLL" adapterTypeName="Microsoft.VisualStudio.TestTools.TestTypes.Unit.UnitTestAdapter, Microsoft.VisualStudio.QualityTools.Tips.UnitTest.Adapter, Version=10.0.0.0, Culture=neutral, PublicKeyToken=b03f5f7f11d50a3a" className="ModeloIVIA.Tests.TestaUsuarioGrupo, ModeloIVIA.Tests, Version=1.0.0.0, Culture=neutral, PublicKeyToken=null" name="VerificaUsuarioEmGrupoAdministrador" />
    </UnitTest>
    <UnitTest name="VerificaLoginInvalido" storage="c:\users\marcelo.barros\documents\visual studio 2010\projects\modeloivia\modeloivia.tests\bin\debug\modeloivia.tests.dll" id="3ce1af80-8fd1-b125-5c45-c122c7fd7bfd">
      <Execution id="f5468560-ffaf-4157-aee4-44af4a4a27a0" />
      <TestMethod codeBase="c:/users/marcelo.barros/documents/visual studio 2010/Projects/ModeloIVIA/ModeloIVIA.Tests/bin/Debug/ModeloIVIA.Tests.DLL" adapterTypeName="Microsoft.VisualStudio.TestTools.TestTypes.Unit.UnitTestAdapter, Microsoft.VisualStudio.QualityTools.Tips.UnitTest.Adapter, Version=10.0.0.0, Culture=neutral, PublicKeyToken=b03f5f7f11d50a3a" className="ModeloIVIA.Tests.TestaUsuarioLogin, ModeloIVIA.Tests, Version=1.0.0.0, Culture=neutral, PublicKeyToken=null" name="VerificaLoginInvalido" />
    </UnitTest>
    <UnitTest name="VerificaUsuarioEmGrupoUsuario" storage="c:\users\marcelo.barros\documents\visual studio 2010\projects\modeloivia\modeloivia.tests\bin\debug\modeloivia.tests.dll" id="f8a3812b-1a9a-e010-97f7-2121275a92de">
      <Execution id="6748471b-2c94-4caf-9b4b-e7e227e62938" />
      <TestMethod codeBase="c:/users/marcelo.barros/documents/visual studio 2010/Projects/ModeloIVIA/ModeloIVIA.Tests/bin/Debug/ModeloIVIA.Tests.DLL" adapterTypeName="Microsoft.VisualStudio.TestTools.TestTypes.Unit.UnitTestAdapter, Microsoft.VisualStudio.QualityTools.Tips.UnitTest.Adapter, Version=10.0.0.0, Culture=neutral, PublicKeyToken=b03f5f7f11d50a3a" className="ModeloIVIA.Tests.TestaUsuarioGrupo, ModeloIVIA.Tests, Version=1.0.0.0, Culture=neutral, PublicKeyToken=null" name="VerificaUsuarioEmGrupoUsuario" />
    </UnitTest>
  </TestDefinitions>
  <TestLists>
    <TestList name="Results Not in a List" id="8c84fa94-04c1-424b-9868-57a2d4851a1d" />
    <TestList name="All Loaded Results" id="19431567-8539-422a-85d7-44ee4e166bda" />
  </TestLists>
  <TestEntries>
    <TestEntry testId="2360ba42-e461-6d7a-f9e4-9e8af90d8359" executionId="a96b44c6-8fd9-4040-abdd-47e3304a7b3b" testListId="8c84fa94-04c1-424b-9868-57a2d4851a1d" />
    <TestEntry testId="3ce1af80-8fd1-b125-5c45-c122c7fd7bfd" executionId="f5468560-ffaf-4157-aee4-44af4a4a27a0" testListId="8c84fa94-04c1-424b-9868-57a2d4851a1d" />
    <TestEntry testId="def6811b-8fc3-4545-28b6-d3f2125e66af" executionId="35309488-63ad-43c4-9df5-1e2f7e8f4567" testListId="8c84fa94-04c1-424b-9868-57a2d4851a1d" />
    <TestEntry testId="f8a3812b-1a9a-e010-97f7-2121275a92de" executionId="6748471b-2c94-4caf-9b4b-e7e227e62938" testListId="8c84fa94-04c1-424b-9868-57a2d4851a1d" />
  </TestEntries>
  <Results>
    <UnitTestResult executionId="a96b44c6-8fd9-4040-abdd-47e3304a7b3b" testId="2360ba42-e461-6d7a-f9e4-9e8af90d8359" testName="VerificaUsuarioEmGrupoAdministrador" computerName="IVIA-NOT15" duration="00:00:00.0194633" startTime="2011-12-07T16:30:23.5274358-03:00" endTime="2011-12-07T16:30:23.8769358-03:00" testType="13cdc9d9-ddb5-4fa4-a97d-d965ccfc6d4b" outcome="Passed" testListId="8c84fa94-04c1-424b-9868-57a2d4851a1d" relativeResultsDirectory="a96b44c6-8fd9-4040-abdd-47e3304a7b3b">
    </UnitTestResult>
    <UnitTestResult executionId="f5468560-ffaf-4157-aee4-44af4a4a27a0" testId="3ce1af80-8fd1-b125-5c45-c122c7fd7bfd" testName="VerificaLoginInvalido" computerName="IVIA-NOT15" duration="00:00:00.0014652" startTime="2011-12-07T16:30:23.8929358-03:00" endTime="2011-12-07T16:30:23.9124358-03:00" testType="13cdc9d9-ddb5-4fa4-a97d-d965ccfc6d4b" outcome="Passed" testListId="8c84fa94-04c1-424b-9868-57a2d4851a1d" relativeResultsDirectory="f5468560-ffaf-4157-aee4-44af4a4a27a0">
    </UnitTestResult>
    <UnitTestResult executionId="35309488-63ad-43c4-9df5-1e2f7e8f4567" testId="def6811b-8fc3-4545-28b6-d3f2125e66af" testName="VerificaLoginValido" computerName="IVIA-NOT15" duration="00:00:00.0046913" startTime="2011-12-07T16:30:23.9214358-03:00" endTime="2011-12-07T16:30:23.9389358-03:00" testType="13cdc9d9-ddb5-4fa4-a97d-d965ccfc6d4b" outcome="Passed" testListId="8c84fa94-04c1-424b-9868-57a2d4851a1d" relativeResultsDirectory="35309488-63ad-43c4-9df5-1e2f7e8f4567">
    </UnitTestResult>
    <UnitTestResult executionId="6748471b-2c94-4caf-9b4b-e7e227e62938" testId="f8a3812b-1a9a-e010-97f7-2121275a92de" testName="VerificaUsuarioEmGrupoUsuario" computerName="IVIA-NOT15" duration="00:00:00.0003749" startTime="2011-12-07T16:30:23.9504358-03:00" endTime="2011-12-07T16:30:23.9974358-03:00" testType="13cdc9d9-ddb5-4fa4-a97d-d965ccfc6d4b" outcome="Passed" testListId="8c84fa94-04c1-424b-9868-57a2d4851a1d" relativeResultsDirectory="6748471b-2c94-4caf-9b4b-e7e227e62938">
    </UnitTestResult>
  </Results>
</TestRun>